<?xml version="1.0" encoding="UTF-8"?>
<!-- Generated by org.testng.reporters.JUnitXMLReporter -->
<testsuite hostname="SANDEEP" ignored="0" name="Surefire test" tests="6" failures="0" timestamp="19 Jun 2020 10:41:58 GMT" time="121.575" errors="0">
  <testcase name="clickOnButton" time="30.63" classname="Tutorial.SeleniumAutomation.ClickEventsTest"/>
  <testcase name="doubleClickOnButton" time="30.366" classname="Tutorial.SeleniumAutomation.ClickEventsTest"/>
  <testcase name="rightClickOnButton" time="30.334" classname="Tutorial.SeleniumAutomation.ClickEventsTest"/>
  <testcase name="printHello" time="0.0" classname="Tutorial.SeleniumAutomation.TestClass"/>
  <testcase name="printHi" time="0.0" classname="Tutorial.SeleniumAutomation.TestClass"/>
  <testcase name="handleWindow" time="0.0" classname="Tutorial.SeleniumAutomation.WindowHandlingTest"/>
</testsuite> <!-- Surefire test -->
