<?xml version="1.0" encoding="UTF-8"?>
<!-- Generated by org.testng.reporters.JUnitXMLReporter -->
<testsuite hostname="SANDEEP" ignored="0" name="Default test" tests="3" failures="0" timestamp="10 Aug 2020 10:58:16 GMT" time="16.303" errors="0">
  <testcase name="clickOnButton" time="0.254" classname="Tutorial.SeleniumAutomation.ClickEventsTest"/>
  <testcase name="rightClickOnButton" time="0.28" classname="Tutorial.SeleniumAutomation.ClickEventsTest"/>
  <testcase name="doubleClickOnButton" time="0.283" classname="Tutorial.SeleniumAutomation.ClickEventsTest"/>
</testsuite> <!-- Default test -->
