<?xml version="1.0" encoding="UTF-8"?>
<testsuite xmlns:xsi="http://www.w3.org/2001/XMLSchema-instance" xsi:noNamespaceSchemaLocation="https://maven.apache.org/surefire/maven-surefire-plugin/xsd/surefire-test-report-3.0.xsd" version="3.0" name="TestSuite" time="24.346" tests="12" errors="0" skipped="11" failures="1">
  <properties>
[...]
</properties>
  <testcase name="intializeBrowser" classname="Tutorial.SeleniumAutomation.ClickEventsTest" time="24.164">
    <failure message="chrome not reachable&#10;  (Session info: chrome=84.0.4147.125)&#10;Build info: version: &apos;3.141.59&apos;, revision: &apos;e82be7d358&apos;, time: &apos;2018-11-14T08:17:03&apos;&#10;System info: host: &apos;SANDEEP&apos;, ip: &apos;192.168.42.203&apos;, os.name: &apos;Windows 8.1&apos;, os.arch: &apos;x86&apos;, os.version: &apos;6.3&apos;, java.version: &apos;1.8.0_251&apos;&#10;Driver info: org.openqa.selenium.chrome.ChromeDriver&#10;Capabilities {acceptInsecureCerts: false, browserName: chrome, browserVersion: 84.0.4147.125, chrome: {chromedriverVersion: 84.0.4147.30 (48b3e868b4cc0..., userDataDir: C:\Users\SANDEE~1\AppData\L...}, goog:chromeOptions: {debuggerAddress: localhost:49562}, javascriptEnabled: true, networkConnectionEnabled: false, pageLoadStrategy: normal, platform: WINDOWS, platformName: WINDOWS, proxy: Proxy(), setWindowRect: true, strictFileInteractability: false, timeouts: {implicit: 0, pageLoad: 300000, script: 30000}, unhandledPromptBehavior: dismiss and notify, webauthn:virtualAuthenticators: true}&#10;Session ID: 48d8aa69633cd7e6a69f964384581d60" type="org.openqa.selenium.WebDriverException"><![CDATA[org.openqa.selenium.WebDriverException: 
chrome not reachable
  (Session info: chrome=84.0.4147.125)
Build info: version: '3.141.59', revision: 'e82be7d358', time: '2018-11-14T08:17:03'
System info: host: 'SANDEEP', ip: '192.168.42.203', os.name: 'Windows 8.1', os.arch: 'x86', os.version: '6.3', java.version: '1.8.0_251'
Driver info: org.openqa.selenium.chrome.ChromeDriver
Capabilities {acceptInsecureCerts: false, browserName: chrome, browserVersion: 84.0.4147.125, chrome: {chromedriverVersion: 84.0.4147.30 (48b3e868b4cc0..., userDataDir: C:\Users\SANDEE~1\AppData\L...}, goog:chromeOptions: {debuggerAddress: localhost:49562}, javascriptEnabled: true, networkConnectionEnabled: false, pageLoadStrategy: normal, platform: WINDOWS, platformName: WINDOWS, proxy: Proxy(), setWindowRect: true, strictFileInteractability: false, timeouts: {implicit: 0, pageLoad: 300000, script: 30000}, unhandledPromptBehavior: dismiss and notify, webauthn:virtualAuthenticators: true}
Session ID: 48d8aa69633cd7e6a69f964384581d60
	at Tutorial.SeleniumAutomation.ClickEventsTest.intializeBrowser(ClickEventsTest.java:20)
]]></failure>
    <system-err><![CDATA[Starting ChromeDriver 84.0.4147.30 (48b3e868b4cc0aa7e8149519690b6f6949e110a8-refs/branch-heads/4147@{#310}) on port 43147
Only local connections are allowed.
Please see https://chromedriver.chromium.org/security-considerations for suggestions on keeping ChromeDriver safe.
ChromeDriver was started successfully.
Aug 13, 2020 4:55:58 AM org.openqa.selenium.remote.ProtocolHandshake createSession
INFO: Detected dialect: W3C
]]></system-err>
  </testcase>
  <testcase name="initialize" classname="Tutorial.SeleniumAutomation.ClickEventsTest" time="0">
    <skipped/>
  </testcase>
  <testcase name="clickOnButton" classname="Tutorial.SeleniumAutomation.ClickEventsTest" time="0">
    <skipped message="chrome not reachable&#10;  (Session info: chrome=84.0.4147.125)&#10;Build info: version: &apos;3.141.59&apos;, revision: &apos;e82be7d358&apos;, time: &apos;2018-11-14T08:17:03&apos;&#10;System info: host: &apos;SANDEEP&apos;, ip: &apos;192.168.42.203&apos;, os.name: &apos;Windows 8.1&apos;, os.arch: &apos;x86&apos;, os.version: &apos;6.3&apos;, java.version: &apos;1.8.0_251&apos;&#10;Driver info: org.openqa.selenium.chrome.ChromeDriver&#10;Capabilities {acceptInsecureCerts: false, browserName: chrome, browserVersion: 84.0.4147.125, chrome: {chromedriverVersion: 84.0.4147.30 (48b3e868b4cc0..., userDataDir: C:\Users\SANDEE~1\AppData\L...}, goog:chromeOptions: {debuggerAddress: localhost:49562}, javascriptEnabled: true, networkConnectionEnabled: false, pageLoadStrategy: normal, platform: WINDOWS, platformName: WINDOWS, proxy: Proxy(), setWindowRect: true, strictFileInteractability: false, timeouts: {implicit: 0, pageLoad: 300000, script: 30000}, unhandledPromptBehavior: dismiss and notify, webauthn:virtualAuthenticators: true}&#10;Session ID: 48d8aa69633cd7e6a69f964384581d60"/>
  </testcase>
  <testcase name="chechStatus" classname="Tutorial.SeleniumAutomation.ClickEventsTest" time="0">
    <skipped/>
  </testcase>
  <testcase name="chechStatus" classname="Tutorial.SeleniumAutomation.ClickEventsTest" time="0">
    <skipped/>
  </testcase>
  <testcase name="chechStatus" classname="Tutorial.SeleniumAutomation.ClickEventsTest" time="0">
    <skipped/>
  </testcase>
  <testcase name="rightClickOnButton" classname="Tutorial.SeleniumAutomation.ClickEventsTest" time="0">
    <skipped message="chrome not reachable&#10;  (Session info: chrome=84.0.4147.125)&#10;Build info: version: &apos;3.141.59&apos;, revision: &apos;e82be7d358&apos;, time: &apos;2018-11-14T08:17:03&apos;&#10;System info: host: &apos;SANDEEP&apos;, ip: &apos;192.168.42.203&apos;, os.name: &apos;Windows 8.1&apos;, os.arch: &apos;x86&apos;, os.version: &apos;6.3&apos;, java.version: &apos;1.8.0_251&apos;&#10;Driver info: org.openqa.selenium.chrome.ChromeDriver&#10;Capabilities {acceptInsecureCerts: false, browserName: chrome, browserVersion: 84.0.4147.125, chrome: {chromedriverVersion: 84.0.4147.30 (48b3e868b4cc0..., userDataDir: C:\Users\SANDEE~1\AppData\L...}, goog:chromeOptions: {debuggerAddress: localhost:49562}, javascriptEnabled: true, networkConnectionEnabled: false, pageLoadStrategy: normal, platform: WINDOWS, platformName: WINDOWS, proxy: Proxy(), setWindowRect: true, strictFileInteractability: false, timeouts: {implicit: 0, pageLoad: 300000, script: 30000}, unhandledPromptBehavior: dismiss and notify, webauthn:virtualAuthenticators: true}&#10;Session ID: 48d8aa69633cd7e6a69f964384581d60"/>
  </testcase>
  <testcase name="doubleClickOnButton" classname="Tutorial.SeleniumAutomation.ClickEventsTest" time="0">
    <skipped message="chrome not reachable&#10;  (Session info: chrome=84.0.4147.125)&#10;Build info: version: &apos;3.141.59&apos;, revision: &apos;e82be7d358&apos;, time: &apos;2018-11-14T08:17:03&apos;&#10;System info: host: &apos;SANDEEP&apos;, ip: &apos;192.168.42.203&apos;, os.name: &apos;Windows 8.1&apos;, os.arch: &apos;x86&apos;, os.version: &apos;6.3&apos;, java.version: &apos;1.8.0_251&apos;&#10;Driver info: org.openqa.selenium.chrome.ChromeDriver&#10;Capabilities {acceptInsecureCerts: false, browserName: chrome, browserVersion: 84.0.4147.125, chrome: {chromedriverVersion: 84.0.4147.30 (48b3e868b4cc0..., userDataDir: C:\Users\SANDEE~1\AppData\L...}, goog:chromeOptions: {debuggerAddress: localhost:49562}, javascriptEnabled: true, networkConnectionEnabled: false, pageLoadStrategy: normal, platform: WINDOWS, platformName: WINDOWS, proxy: Proxy(), setWindowRect: true, strictFileInteractability: false, timeouts: {implicit: 0, pageLoad: 300000, script: 30000}, unhandledPromptBehavior: dismiss and notify, webauthn:virtualAuthenticators: true}&#10;Session ID: 48d8aa69633cd7e6a69f964384581d60"/>
  </testcase>
  <testcase name="close" classname="Tutorial.SeleniumAutomation.ClickEventsTest" time="0">
    <skipped/>
  </testcase>
  <testcase name="close" classname="Tutorial.SeleniumAutomation.ClickEventsTest" time="0">
    <skipped/>
  </testcase>
  <testcase name="handleWindow" classname="Tutorial.SeleniumAutomation.WindowHandlingTest" time="0">
    <skipped message="chrome not reachable&#10;  (Session info: chrome=84.0.4147.125)&#10;Build info: version: &apos;3.141.59&apos;, revision: &apos;e82be7d358&apos;, time: &apos;2018-11-14T08:17:03&apos;&#10;System info: host: &apos;SANDEEP&apos;, ip: &apos;192.168.42.203&apos;, os.name: &apos;Windows 8.1&apos;, os.arch: &apos;x86&apos;, os.version: &apos;6.3&apos;, java.version: &apos;1.8.0_251&apos;&#10;Driver info: org.openqa.selenium.chrome.ChromeDriver&#10;Capabilities {acceptInsecureCerts: false, browserName: chrome, browserVersion: 84.0.4147.125, chrome: {chromedriverVersion: 84.0.4147.30 (48b3e868b4cc0..., userDataDir: C:\Users\SANDEE~1\AppData\L...}, goog:chromeOptions: {debuggerAddress: localhost:49562}, javascriptEnabled: true, networkConnectionEnabled: false, pageLoadStrategy: normal, platform: WINDOWS, platformName: WINDOWS, proxy: Proxy(), setWindowRect: true, strictFileInteractability: false, timeouts: {implicit: 0, pageLoad: 300000, script: 30000}, unhandledPromptBehavior: dismiss and notify, webauthn:virtualAuthenticators: true}&#10;Session ID: 48d8aa69633cd7e6a69f964384581d60"/>
  </testcase>
  <testcase name="chechStatus" classname="Tutorial.SeleniumAutomation.WindowHandlingTest" time="0">
    <skipped/>
  </testcase>
</testsuite>