<?xml version="1.0" encoding="UTF-8"?>
<testng-results skipped="0" failed="0" ignored="0" total="1" passed="1">
  <reporter-output>
  </reporter-output>
  <suite name="Default suite" duration-ms="12218" started-at="2020-08-13T12:22:56Z" finished-at="2020-08-13T12:23:08Z">
    <groups>
    </groups>
    <test name="Default test" duration-ms="12218" started-at="2020-08-13T12:22:56Z" finished-at="2020-08-13T12:23:08Z">
      <class name="Tutorial.SeleniumAutomation.IframeTest">
        <test-method status="PASS" signature="initialize()[pri:0, instance:Tutorial.SeleniumAutomation.IframeTest@5b4bdc]" name="initialize" is-config="true" duration-ms="11405" started-at="2020-08-13T12:22:56Z" finished-at="2020-08-13T12:23:08Z">
          <reporter-output>
          </reporter-output>
        </test-method> <!-- initialize -->
        <test-method status="PASS" signature="iFrameHandle()[pri:0, instance:Tutorial.SeleniumAutomation.IframeTest@5b4bdc]" name="iFrameHandle" duration-ms="196" started-at="2020-08-13T12:23:08Z" finished-at="2020-08-13T12:23:08Z">
          <reporter-output>
          </reporter-output>
        </test-method> <!-- iFrameHandle -->
        <test-method status="PASS" signature="chechStatus(org.testng.ITestResult)[pri:0, instance:Tutorial.SeleniumAutomation.IframeTest@5b4bdc]" name="chechStatus" is-config="true" duration-ms="2" started-at="2020-08-13T12:23:08Z" finished-at="2020-08-13T12:23:08Z">
          <params>
            <param index="0">
              <value>
                <![CDATA[[TestResult name=iFrameHandle status=SUCCESS method=IframeTest.iFrameHandle()[pri:0, instance:Tutorial.SeleniumAutomation.IframeTest@5b4bdc] output={null}]]]>
              </value>
            </param>
          </params>
          <reporter-output>
          </reporter-output>
        </test-method> <!-- chechStatus -->
        <test-method status="PASS" signature="close()[pri:0, instance:Tutorial.SeleniumAutomation.IframeTest@5b4bdc]" name="close" is-config="true" duration-ms="587" started-at="2020-08-13T12:23:08Z" finished-at="2020-08-13T12:23:08Z">
          <reporter-output>
          </reporter-output>
        </test-method> <!-- close -->
      </class> <!-- Tutorial.SeleniumAutomation.IframeTest -->
    </test> <!-- Default test -->
  </suite> <!-- Default suite -->
</testng-results>
