<?xml version="1.0" encoding="UTF-8"?>
<!-- Generated by org.testng.reporters.JUnitXMLReporter -->
<testsuite hostname="SANDEEP" ignored="0" name="testngTest" tests="3" failures="0" timestamp="17 May 2020 12:42:02 GMT" time="0.087" errors="0">
  <testcase name="test1" time="0.014" classname="Tutorial.SeleniumAutomation.Test1Test"/>
  <testcase name="test2" time="0.002" classname="Tutorial.SeleniumAutomation.Test1Test"/>
  <testcase name="test3" time="0.002" classname="Tutorial.SeleniumAutomation.Test1Test"/>
</testsuite> <!-- testngTest -->
